2020-02-17 22:39:52.658  INFO 18380 --- [main] com.DemoApplication                      : Starting DemoApplication on DESKTOP-V0SPMDI with PID 18380 (E:\myClassWork\workspace_redis_simple\target\classes started by Abit in E:\myClassWork\workspace_redis_simple)
2020-02-17 22:39:52.676  INFO 18380 --- [main] com.DemoApplication                      : No active profile set, falling back to default profiles: default
2020-02-17 22:39:55.335  INFO 18380 --- [main] .s.d.r.c.RepositoryConfigurationDelegate : Multiple Spring Data modules found, entering strict repository configuration mode!
2020-02-17 22:39:55.338  INFO 18380 --- [main] .s.d.r.c.RepositoryConfigurationDelegate : Bootstrapping Spring Data repositories in DEFAULT mode.
2020-02-17 22:39:55.909  INFO 18380 --- [main] .s.d.r.c.RepositoryConfigurationDelegate : Finished Spring Data repository scanning in 552ms. Found 0 repository interfaces.
2020-02-17 22:39:56.322  INFO 18380 --- [main] trationDelegate$BeanPostProcessorChecker : Bean 'org.springframework.transaction.annotation.ProxyTransactionManagementConfiguration' of type [org.springframework.transaction.annotation.ProxyTransactionManagementConfiguration$$EnhancerBySpringCGLIB$$a0ae8c34] is not eligible for getting processed by all BeanPostProcessors (for example: not eligible for auto-proxying)
2020-02-17 22:39:56.637  INFO 18380 --- [main] o.s.b.w.embedded.tomcat.TomcatWebServer  : Tomcat initialized with port(s): 8181 (http)
2020-02-17 22:39:56.662  INFO 18380 --- [main] o.apache.catalina.core.StandardService   : Starting service [Tomcat]
2020-02-17 22:39:56.662  INFO 18380 --- [main] org.apache.catalina.core.StandardEngine  : Starting Servlet engine: [Apache Tomcat/9.0.16]
2020-02-17 22:39:56.670  INFO 18380 --- [main] o.a.catalina.core.AprLifecycleListener   : The APR based Apache Tomcat Native library which allows optimal performance in production environments was not found on the java.library.path: [C:\Program Files\Java\jdk1.8.0_101\bin;C:\Windows\Sun\Java\bin;C:\Windows\system32;C:\Windows;C:\Windows\system32;C:\Windows;C:\Windows\System32\Wbem;C:\Windows\System32\WindowsPowerShell\v1.0\;C:\Windows\System32\OpenSSH\;C:\Program Files\Java\jdk1.8.0_101\bin;C:\Program Files\Java\jdk1.8.0_101\jre\bin;C:\Program Files\Common Files\Autodesk Shared\;C:\Users\Abit\AppData\Local\Microsoft\WindowsApps;C:\Users\Abit\AppData\Local\Programs\Microsoft VS Code\bin;C:\Users\Abit\AppData\Local\GitHubDesktop\bin;.]
2020-02-17 22:39:56.761  INFO 18380 --- [main] o.a.c.c.C.[Tomcat].[localhost].[/]       : Initializing Spring embedded WebApplicationContext
2020-02-17 22:39:56.761  INFO 18380 --- [main] o.s.web.context.ContextLoader            : Root WebApplicationContext: initialization completed in 4032 ms
2020-02-17 22:39:57.475  INFO 18380 --- [main] o.s.s.concurrent.ThreadPoolTaskExecutor  : Initializing ExecutorService 'applicationTaskExecutor'
2020-02-17 22:39:57.724  INFO 18380 --- [main] o.s.s.c.ThreadPoolTaskScheduler          : Initializing ExecutorService 'taskScheduler'
2020-02-17 22:39:57.806  INFO 18380 --- [main] o.s.b.w.embedded.tomcat.TomcatWebServer  : Tomcat started on port(s): 8181 (http) with context path ''
2020-02-17 22:39:57.810  INFO 18380 --- [main] com.DemoApplication                      : Started DemoApplication in 5.785 seconds (JVM running for 7.303)
2020-02-17 22:40:32.811  INFO 18380 --- [http-nio-8181-exec-3] o.a.c.c.C.[Tomcat].[localhost].[/]       : Initializing Spring DispatcherServlet 'dispatcherServlet'
2020-02-17 22:40:32.812  INFO 18380 --- [http-nio-8181-exec-3] o.s.web.servlet.DispatcherServlet        : Initializing Servlet 'dispatcherServlet'
2020-02-17 22:40:32.821  INFO 18380 --- [http-nio-8181-exec-3] o.s.web.servlet.DispatcherServlet        : Completed initialization in 9 ms
2020-02-17 22:40:32.854  WARN 18380 --- [http-nio-8181-exec-3] .w.s.m.s.DefaultHandlerExceptionResolver : Resolved [org.springframework.http.converter.HttpMessageNotReadableException: Required request body is missing: private java.lang.String com.DeviceData.DeviceController.xxxx(java.lang.String) throws java.lang.Exception]
2020-02-17 22:42:26.669  INFO 16820 --- [main] com.DemoApplication                      : Starting DemoApplication on DESKTOP-V0SPMDI with PID 16820 (E:\myClassWork\workspace_redis_simple\target\classes started by Abit in E:\myClassWork\workspace_redis_simple)
2020-02-17 22:42:26.672  INFO 16820 --- [main] com.DemoApplication                      : No active profile set, falling back to default profiles: default
2020-02-17 22:42:29.033  INFO 16820 --- [main] .s.d.r.c.RepositoryConfigurationDelegate : Multiple Spring Data modules found, entering strict repository configuration mode!
2020-02-17 22:42:29.035  INFO 16820 --- [main] .s.d.r.c.RepositoryConfigurationDelegate : Bootstrapping Spring Data repositories in DEFAULT mode.
2020-02-17 22:42:29.507  INFO 16820 --- [main] .s.d.r.c.RepositoryConfigurationDelegate : Finished Spring Data repository scanning in 464ms. Found 0 repository interfaces.
2020-02-17 22:42:29.776  INFO 16820 --- [main] trationDelegate$BeanPostProcessorChecker : Bean 'org.springframework.transaction.annotation.ProxyTransactionManagementConfiguration' of type [org.springframework.transaction.annotation.ProxyTransactionManagementConfiguration$$EnhancerBySpringCGLIB$$95874632] is not eligible for getting processed by all BeanPostProcessors (for example: not eligible for auto-proxying)
2020-02-17 22:42:30.036  INFO 16820 --- [main] o.s.b.w.embedded.tomcat.TomcatWebServer  : Tomcat initialized with port(s): 8181 (http)
2020-02-17 22:42:30.053  INFO 16820 --- [main] o.apache.catalina.core.StandardService   : Starting service [Tomcat]
2020-02-17 22:42:30.054  INFO 16820 --- [main] org.apache.catalina.core.StandardEngine  : Starting Servlet engine: [Apache Tomcat/9.0.16]
2020-02-17 22:42:30.059  INFO 16820 --- [main] o.a.catalina.core.AprLifecycleListener   : The APR based Apache Tomcat Native library which allows optimal performance in production environments was not found on the java.library.path: [C:\Program Files\Java\jdk1.8.0_101\bin;C:\Windows\Sun\Java\bin;C:\Windows\system32;C:\Windows;C:\Windows\system32;C:\Windows;C:\Windows\System32\Wbem;C:\Windows\System32\WindowsPowerShell\v1.0\;C:\Windows\System32\OpenSSH\;C:\Program Files\Java\jdk1.8.0_101\bin;C:\Program Files\Java\jdk1.8.0_101\jre\bin;C:\Program Files\Common Files\Autodesk Shared\;C:\Users\Abit\AppData\Local\Microsoft\WindowsApps;C:\Users\Abit\AppData\Local\Programs\Microsoft VS Code\bin;C:\Users\Abit\AppData\Local\GitHubDesktop\bin;.]
2020-02-17 22:42:30.135  INFO 16820 --- [main] o.a.c.c.C.[Tomcat].[localhost].[/]       : Initializing Spring embedded WebApplicationContext
2020-02-17 22:42:30.135  INFO 16820 --- [main] o.s.web.context.ContextLoader            : Root WebApplicationContext: initialization completed in 3429 ms
2020-02-17 22:42:30.663  INFO 16820 --- [main] o.s.s.concurrent.ThreadPoolTaskExecutor  : Initializing ExecutorService 'applicationTaskExecutor'
2020-02-17 22:42:30.894  INFO 16820 --- [main] o.s.s.c.ThreadPoolTaskScheduler          : Initializing ExecutorService 'taskScheduler'
2020-02-17 22:42:30.951  INFO 16820 --- [main] o.s.b.w.embedded.tomcat.TomcatWebServer  : Tomcat started on port(s): 8181 (http) with context path ''
2020-02-17 22:42:30.953  INFO 16820 --- [main] com.DemoApplication                      : Started DemoApplication in 4.626 seconds (JVM running for 5.338)
2020-02-17 22:42:35.729  INFO 16820 --- [http-nio-8181-exec-1] o.a.c.c.C.[Tomcat].[localhost].[/]       : Initializing Spring DispatcherServlet 'dispatcherServlet'
2020-02-17 22:42:35.729  INFO 16820 --- [http-nio-8181-exec-1] o.s.web.servlet.DispatcherServlet        : Initializing Servlet 'dispatcherServlet'
2020-02-17 22:42:35.739  INFO 16820 --- [http-nio-8181-exec-1] o.s.web.servlet.DispatcherServlet        : Completed initialization in 10 ms
2020-02-17 22:43:18.010  INFO 18156 --- [main] com.DemoApplication                      : Starting DemoApplication on DESKTOP-V0SPMDI with PID 18156 (E:\myClassWork\workspace_redis_simple\target\classes started by Abit in E:\myClassWork\workspace_redis_simple)
2020-02-17 22:43:18.013  INFO 18156 --- [main] com.DemoApplication                      : No active profile set, falling back to default profiles: default
2020-02-17 22:43:20.237  INFO 18156 --- [main] .s.d.r.c.RepositoryConfigurationDelegate : Multiple Spring Data modules found, entering strict repository configuration mode!
2020-02-17 22:43:20.239  INFO 18156 --- [main] .s.d.r.c.RepositoryConfigurationDelegate : Bootstrapping Spring Data repositories in DEFAULT mode.
2020-02-17 22:43:20.714  INFO 18156 --- [main] .s.d.r.c.RepositoryConfigurationDelegate : Finished Spring Data repository scanning in 465ms. Found 0 repository interfaces.
2020-02-17 22:43:20.944  INFO 18156 --- [main] trationDelegate$BeanPostProcessorChecker : Bean 'org.springframework.transaction.annotation.ProxyTransactionManagementConfiguration' of type [org.springframework.transaction.annotation.ProxyTransactionManagementConfiguration$$EnhancerBySpringCGLIB$$920b38c5] is not eligible for getting processed by all BeanPostProcessors (for example: not eligible for auto-proxying)
2020-02-17 22:43:21.172  INFO 18156 --- [main] o.s.b.w.embedded.tomcat.TomcatWebServer  : Tomcat initialized with port(s): 8181 (http)
2020-02-17 22:43:21.187  INFO 18156 --- [main] o.apache.catalina.core.StandardService   : Starting service [Tomcat]
2020-02-17 22:43:21.187  INFO 18156 --- [main] org.apache.catalina.core.StandardEngine  : Starting Servlet engine: [Apache Tomcat/9.0.16]
2020-02-17 22:43:21.192  INFO 18156 --- [main] o.a.catalina.core.AprLifecycleListener   : The APR based Apache Tomcat Native library which allows optimal performance in production environments was not found on the java.library.path: [C:\Program Files\Java\jdk1.8.0_101\bin;C:\Windows\Sun\Java\bin;C:\Windows\system32;C:\Windows;C:\Windows\system32;C:\Windows;C:\Windows\System32\Wbem;C:\Windows\System32\WindowsPowerShell\v1.0\;C:\Windows\System32\OpenSSH\;C:\Program Files\Java\jdk1.8.0_101\bin;C:\Program Files\Java\jdk1.8.0_101\jre\bin;C:\Program Files\Common Files\Autodesk Shared\;C:\Users\Abit\AppData\Local\Microsoft\WindowsApps;C:\Users\Abit\AppData\Local\Programs\Microsoft VS Code\bin;C:\Users\Abit\AppData\Local\GitHubDesktop\bin;.]
2020-02-17 22:43:21.267  INFO 18156 --- [main] o.a.c.c.C.[Tomcat].[localhost].[/]       : Initializing Spring embedded WebApplicationContext
2020-02-17 22:43:21.267  INFO 18156 --- [main] o.s.web.context.ContextLoader            : Root WebApplicationContext: initialization completed in 3220 ms
2020-02-17 22:43:21.791  INFO 18156 --- [main] o.s.s.concurrent.ThreadPoolTaskExecutor  : Initializing ExecutorService 'applicationTaskExecutor'
2020-02-17 22:43:22.005  INFO 18156 --- [main] o.s.s.c.ThreadPoolTaskScheduler          : Initializing ExecutorService 'taskScheduler'
2020-02-17 22:43:22.068  INFO 18156 --- [main] o.s.b.w.embedded.tomcat.TomcatWebServer  : Tomcat started on port(s): 8181 (http) with context path ''
2020-02-17 22:43:22.070  INFO 18156 --- [main] com.DemoApplication                      : Started DemoApplication in 4.416 seconds (JVM running for 5.079)
2020-02-17 22:43:25.909  INFO 18156 --- [http-nio-8181-exec-2] o.a.c.c.C.[Tomcat].[localhost].[/]       : Initializing Spring DispatcherServlet 'dispatcherServlet'
2020-02-17 22:43:25.909  INFO 18156 --- [http-nio-8181-exec-2] o.s.web.servlet.DispatcherServlet        : Initializing Servlet 'dispatcherServlet'
2020-02-17 22:43:25.919  INFO 18156 --- [http-nio-8181-exec-2] o.s.web.servlet.DispatcherServlet        : Completed initialization in 10 ms
2020-02-17 22:43:26.013  INFO 18156 --- [http-nio-8181-exec-2] com.zaxxer.hikari.HikariDataSource       : HikariPool-1 - Starting...
2020-02-17 22:43:26.186  INFO 18156 --- [http-nio-8181-exec-2] com.zaxxer.hikari.HikariDataSource       : HikariPool-1 - Start completed.
2020-02-17 22:43:59.733  INFO 13852 --- [main] com.DemoApplication                      : Starting DemoApplication on DESKTOP-V0SPMDI with PID 13852 (E:\myClassWork\workspace_redis_simple\target\classes started by Abit in E:\myClassWork\workspace_redis_simple)
2020-02-17 22:43:59.736  INFO 13852 --- [main] com.DemoApplication                      : No active profile set, falling back to default profiles: default
2020-02-17 22:44:02.032  INFO 13852 --- [main] .s.d.r.c.RepositoryConfigurationDelegate : Multiple Spring Data modules found, entering strict repository configuration mode!
2020-02-17 22:44:02.034  INFO 13852 --- [main] .s.d.r.c.RepositoryConfigurationDelegate : Bootstrapping Spring Data repositories in DEFAULT mode.
2020-02-17 22:44:02.530  INFO 13852 --- [main] .s.d.r.c.RepositoryConfigurationDelegate : Finished Spring Data repository scanning in 486ms. Found 0 repository interfaces.
2020-02-17 22:44:02.783  INFO 13852 --- [main] trationDelegate$BeanPostProcessorChecker : Bean 'org.springframework.transaction.annotation.ProxyTransactionManagementConfiguration' of type [org.springframework.transaction.annotation.ProxyTransactionManagementConfiguration$$EnhancerBySpringCGLIB$$d320e33c] is not eligible for getting processed by all BeanPostProcessors (for example: not eligible for auto-proxying)
2020-02-17 22:44:03.029  INFO 13852 --- [main] o.s.b.w.embedded.tomcat.TomcatWebServer  : Tomcat initialized with port(s): 8181 (http)
2020-02-17 22:44:03.045  INFO 13852 --- [main] o.apache.catalina.core.StandardService   : Starting service [Tomcat]
2020-02-17 22:44:03.045  INFO 13852 --- [main] org.apache.catalina.core.StandardEngine  : Starting Servlet engine: [Apache Tomcat/9.0.16]
2020-02-17 22:44:03.051  INFO 13852 --- [main] o.a.catalina.core.AprLifecycleListener   : The APR based Apache Tomcat Native library which allows optimal performance in production environments was not found on the java.library.path: [C:\Program Files\Java\jdk1.8.0_101\bin;C:\Windows\Sun\Java\bin;C:\Windows\system32;C:\Windows;C:\Windows\system32;C:\Windows;C:\Windows\System32\Wbem;C:\Windows\System32\WindowsPowerShell\v1.0\;C:\Windows\System32\OpenSSH\;C:\Program Files\Java\jdk1.8.0_101\bin;C:\Program Files\Java\jdk1.8.0_101\jre\bin;C:\Program Files\Common Files\Autodesk Shared\;C:\Users\Abit\AppData\Local\Microsoft\WindowsApps;C:\Users\Abit\AppData\Local\Programs\Microsoft VS Code\bin;C:\Users\Abit\AppData\Local\GitHubDesktop\bin;.]
2020-02-17 22:44:03.133  INFO 13852 --- [main] o.a.c.c.C.[Tomcat].[localhost].[/]       : Initializing Spring embedded WebApplicationContext
2020-02-17 22:44:03.134  INFO 13852 --- [main] o.s.web.context.ContextLoader            : Root WebApplicationContext: initialization completed in 3356 ms
2020-02-17 22:44:03.860  INFO 13852 --- [main] o.s.s.concurrent.ThreadPoolTaskExecutor  : Initializing ExecutorService 'applicationTaskExecutor'
2020-02-17 22:44:04.120  INFO 13852 --- [main] o.s.s.c.ThreadPoolTaskScheduler          : Initializing ExecutorService 'taskScheduler'
2020-02-17 22:44:04.210  INFO 13852 --- [main] o.s.b.w.embedded.tomcat.TomcatWebServer  : Tomcat started on port(s): 8181 (http) with context path ''
2020-02-17 22:44:04.213  INFO 13852 --- [main] com.DemoApplication                      : Started DemoApplication in 4.803 seconds (JVM running for 5.46)
